Change Component Designator: Old Designator=C9 New Designator=C4
Change Component Designator: Old Designator=C10 New Designator=C6
Change Component Designator: Old Designator=C11 New Designator=C10
Change Component Designator: Old Designator=C12 New Designator=C11
Change Component Designator: Old Designator=C13 New Designator=C12
Change Component Designator: Old Designator=C14 New Designator=C13
Change Component Designator: Old Designator=C15 New Designator=C1
Change Component Designator: Old Designator=C16 New Designator=C2
Change Component Designator: Old Designator=C17 New Designator=C3
Change Component Designator: Old Designator=C18 New Designator=C5
Change Component Designator: Old Designator=C19 New Designator=C7
Change Component Designator: Old Designator=C20 New Designator=C8
Change Component Designator: Old Designator=C21 New Designator=C9
Change Component Designator: Old Designator=Jack? New Designator=Jack1
Change Component Designator: Old Designator=L3 New Designator=L1
Change Component Designator: Old Designator=R11 New Designator=R1
Change Component Designator: Old Designator=R12 New Designator=R3
Change Component Designator: Old Designator=R13 New Designator=R5
Change Component Designator: Old Designator=R14 New Designator=R7
Change Component Designator: Old Designator=R15 New Designator=R8
Change Component Designator: Old Designator=R16 New Designator=R2
Change Component Designator: Old Designator=R17 New Designator=R4
Change Component Designator: Old Designator=R18 New Designator=R6
Change Component Designator: Old Designator=U3 New Designator=U2
Change Component Designator: Old Designator=U4 New Designator=U1
