Added Component: Designator=Cboot(CAPC1005X55X25LL05T10)
Added Component: Designator=Cin(FP-GRM32-IPC_A)
Added Component: Designator=CSS(CAPC1005X55X25LL05T10)
Added Component: Designator=Inductor1(WE-TI-L)
Add component (AddParameter): Name = "ComponentLink1Description"; Value = "Manufacturer Link"; VariantName = "[No Variations]"
Add component (AddParameter): Name = "ComponentLink1URL"; Value = "http://www.we-online.com"; VariantName = "[No Variations]"
Add component (AddParameter): Name = "ComponentLink2Description"; Value = "Datasheet"; VariantName = "[No Variations]"
Add component (AddParameter): Name = "ComponentLink2URL"; Value = "http://www.we-online.de/katalog/media/pdf/744772390.pdf"; VariantName = "[No Variations]"
Add component (AddParameter): Name = "DatasheetVersion"; Value = "ver 8, Oct-2009"; VariantName = "[No Variations]"
Add component (AddParameter): Name = "Inductance"; Value = "39.0 µH"; VariantName = "[No Variations]"
Add component (AddParameter): Name = "PackageDescription"; Value = "THT Inductor, 2-Leads, Body 7.8 x 7.8 mm"; VariantName = "[No Variations]"
Add component (AddParameter): Name = "PackageReference"; Value = "WE-TI-L"; VariantName = "[No Variations]"
Add component (AddParameter): Name = "PackageVersion"; Value = "2006"; VariantName = "[No Variations]"
Added Component: Designator=L1(FP-CB2012-IPC_A)
Added Component: Designator=Rfbb(RESC1608X55X25LL10T15)
Added Component: Designator=Rfbt(RESC0603(1608)_N)
Add Pin To Net: Unknown Pin: Pin Cboot-1
Add Pin To Net: Unknown Pin: Pin Cboot-2
Add Pin To Net: Unknown Pin: Pin Cin-1
Add Pin To Net: Unknown Pin: Pin Cin-2
Add Pin To Net: Unknown Pin: Pin CSS-1
Add Pin To Net: Unknown Pin: Pin CSS-2
Add Pin To Net: Unknown Pin: Pin Diode1-0
Added Pin To Net: NetName=NetCboot_2 Pin=Inductor1-1
Added Pin To Net: NetName=NetCout_1 Pin=Inductor1-2
Add Pin To Net: Unknown Pin: Pin L1-1
Add Pin To Net: Unknown Pin: Pin L1-2
Add Pin To Net: Unknown Pin: Pin Rfbb-1
Add Pin To Net: Unknown Pin: Pin Rfbb-2
Add Pin To Net: Unknown Pin: Pin Rfbt-1
Add Pin To Net: Unknown Pin: Pin Rfbt-2
Add Class: Class already exists: 5V DC/DC
Add Class Member: Failed to add class member : Component Cboot 100nF
Add Class Member: Failed to add class member : Component Cin 22uF
Add Class Member: Failed to add class member : Component CSS 8.2nF
Added Member To Class: ClassName=Main Power Member=Component Inductor1
Add Class Member: Failed to add class member : Component L1 22uH
Add Class Member: Failed to add class member : Component Rfbb RC0603FR-0782KL
Add Class Member: Failed to add class member : Component Rfbt 430K 1% 0603(1608)
