Change Component Designator: Old Designator=C1 New Designator=C22
Change Component Designator: Old Designator=C2 New Designator=C23
Change Component Designator: Old Designator=C3 New Designator=C24
Change Component Designator: Old Designator=C4 New Designator=C25
Change Component Designator: Old Designator=C5 New Designator=C26
Change Component Designator: Old Designator=C6 New Designator=C27
Change Component Designator: Old Designator=D1 New Designator=D2
Change Component Designator: Old Designator=DC1 New Designator=DC2
Change Component Designator: Old Designator=DC2 New Designator=DC3
Change Component Designator: Old Designator=DC3 New Designator=DC4
Change Component Designator: Old Designator=R1 New Designator=R24
Change Component Designator: Old Designator=R2 New Designator=R25
Change Component Designator: Old Designator=R3 New Designator=R26
Change Component Designator: Old Designator=R4 New Designator=R27
Change Component Designator: Old Designator=R5 New Designator=R28
Change Component Designator: Old Designator=R6 New Designator=R29
Change Component Designator: Old Designator=R7 New Designator=R30
Change Component Designator: Old Designator=R8 New Designator=R32
Change Component Designator: Old Designator=R9 New Designator=R31
Change Component Designator: Old Designator=TB1 New Designator=TB5
Change Component Designator: Old Designator=TB2 New Designator=TB6
