Removed Pin From Net: NetName=NetB1_2 Pin=B1-2
Removed Pin From Net: NetName=NetB1_2 Pin=B1-3
Added Component: Designator=C6(GRM32DR61C106KA01L)
Add component (AddParameter): Name = "Arrow Part Number"; Value = "GRM32DR71C106KA01L"; VariantName = "[No Variations]"
Add component (AddParameter): Name = "Arrow Price/Stock"; Value = "https://www.arrow.com/en/products/grm32dr71c106ka01l/murata-manufacturing"; VariantName = "[No Variations]"
Add component (AddParameter): Name = "Datasheet Link"; Value = "http://www.murata.com/~/media/webrenewal/support/library/catalog/products/capacitor/mlcc/c02e.pdf"; VariantName = "[No Variations]"
Add component (AddParameter): Name = "Height"; Value = "2.2mm"; VariantName = "[No Variations]"
Add component (AddParameter): Name = "Manufacturer_Name"; Value = "Murata Electronics"; VariantName = "[No Variations]"
Add component (AddParameter): Name = "Manufacturer_Part_Number"; Value = "GRM32DR71C106KA01L"; VariantName = "[No Variations]"
Add component (AddParameter): Name = "Mouser Part Number"; Value = "81-GRM32R71C106KA01L"; VariantName = "[No Variations]"
Add component (AddParameter): Name = "Mouser Price/Stock"; Value = "https://www.mouser.co.uk/ProductDetail/Murata-Electronics/GRM32DR71C106KA01L?qs=%2FV5QxPF79G3iRcxyZgnthw%3D%3D"; VariantName = "[No Variations]"
Added Pin To Net: NetName=GND Pin=C6-2
Change Net Name : Old Net Name=NetB1_2 New Net Name=NetC5_2
Added Pin To Net: NetName=NetB1_2 Pin=B1-2
Added Pin To Net: NetName=NetB1_2 Pin=B1-3
Added Pin To Net: NetName=NetB1_2 Pin=C6-1
Added Pin To Net: NetName=NetB1_2 Pin=IC1-7
Added Pin To Net: NetName=NetB1_2 Pin=R8-1
Added Net: Name=NetB1_2
Added Member To Class: ClassName=Rechargeable Circuit Member=Component C6 GRM32DR71C106KA01L
