Add Component: Footprint Not Found GRM32DR61C106KA01L
Add Component: Footprint Not Found DIONM5127X229N
Add Component: Footprint Not Found RESC6331X80N
Add Component: Footprint Not Found RESC6331X80N
Add Component: Footprint Not Found RESC6331X80N
Add Component: Footprint Not Found RESC6331X80N
Add Component: Footprint Not Found RESC6331X80N
Add Pin To Net: Unknown Pin: Pin C2-1
Add Pin To Net: Unknown Pin: Pin C2-2
Add Pin To Net: Unknown Pin: Pin D1-1
Add Pin To Net: Unknown Pin: Pin D1-2
Add Pin To Net: Unknown Pin: Pin R1-1
Add Pin To Net: Unknown Pin: Pin R1-2
Add Pin To Net: Unknown Pin: Pin R5-1
Add Pin To Net: Unknown Pin: Pin R5-2
Add Pin To Net: Unknown Pin: Pin R7-1
Add Pin To Net: Unknown Pin: Pin R7-2
Add Pin To Net: Unknown Pin: Pin R8-1
Add Pin To Net: Unknown Pin: Pin R8-2
Add Pin To Net: Unknown Pin: Pin R9-1
Add Pin To Net: Unknown Pin: Pin R9-2
Add Class Member: Failed to add class member : Component C2 10uF 16V
Add Class Member: Failed to add class member : Component D1 CDBA340L-G
Add Class Member: Failed to add class member : Component R1 CRM2512QJW-103ELF
Add Class Member: Failed to add class member : Component R5 CRM2512QJW-103ELF
Add Class Member: Failed to add class member : Component R7 CRM2512QJW-103ELF
Add Class Member: Failed to add class member : Component R8 CRM2512QJW-103ELF
Add Class Member: Failed to add class member : Component R9 CRM2512QJW-103ELF
